10 [v3.4.21, v3.4.12, v3.4.50, g4.5, v3.5.12, v3.5.48]
34 [v0.2.28, v0.2.40, v0.2.15, v0.2.4, v0.2.25, v0.2.37, v0.2.21, v0.2.52, g1.3, v1.3.2, v1.3.3, v1.3.12, g2.4, v2.4.33, v2.4.52, g3.5, v3.5.62, v3.5.3, v3.5.23, g4.6, v4.6.29, g5.7, v5.6.49, v5.6.23, v5.6.53, v5.6.62, v5.6.15, v5.6.44, v5.6.21, g6.7, v6.6.7, v6.6.45, v6.6.53, v6.6.62, v6.6.28, v6.6.60, v6.6.34, v6.6.2, g7.7, v7.7.16, v7.7.23, v7.7.61, v7.7.11, v7.7.52, v7.7.19]
26 [v3.6.41, v3.6.40, g4.6, v3.5.23, v3.5.3, v3.5.62, g3.5, v3.4.45, v3.4.29, g3.4, v3.3.39, v3.3.56, g4.3, v3.2.10, g4.2, v3.1.11, v3.1.38, v3.1.48, v3.1.3, v3.1.46]
15 [v7.5.1, v7.5.42, g7.5, v6.5.39, v6.5.29, v6.5.59, v6.5.26, g6.5, v5.5.34, v5.5.36, g5.6, v5.6.47, v5.6.42]
23 [v6.7.38, v6.7.18, v6.7.29, g6.7, v5.6.21, v5.6.43, g6.6, v5.5.6, v5.5.48, v5.5.14, v5.5.5, g5.5, v4.4.46, g4.4, v4.3.14, v4.3.34, v4.3.51]
18 [v3.1.25, v3.1.14, v3.1.34, v3.1.38, v3.1.11, g4.2, v3.2.10, g4.3, v4.3.34, v4.3.29, v4.3.30, v4.3.13, v4.3.5]
24 [v2.3.49, v2.3.18, v2.3.35, v2.3.21, g3.4, v3.4.48, v3.4.25, g4.4, v4.3.14, v4.3.37, v4.3.6, g5.3, v5.3.57, v5.3.61, v5.3.40, v5.3.54, v5.3.9, v5.3.41, g6.3, v5.2.49, v5.2.21, v5.2.61, v5.2.15, v5.2.63, g5.2, v5.1.8, v5.1.16, v5.1.44, v5.1.36, v5.1.56, v5.1.59, g5.1, v4.0.39, v4.0.33, v4.0.30]
8 [v6.0.10, v6.0.45, v6.0.56, v6.0.16, v6.0.60, v6.0.8, v6.0.1, v6.0.27, g6.1, v5.1.34, v5.1.36, v5.1.56, v5.1.59, g5.1, v4.0.10, v4.0.36, v4.0.42, v4.0.58, v4.0.19, v4.0.50, v4.0.11]
11 [v6.0.34, v6.0.45, v6.0.56, v6.0.16, v6.0.60, v6.0.8, v6.0.1, v6.0.27, g6.1, v5.0.61, v5.0.1, v5.0.29, v5.0.51, v5.0.47]
12 [v4.4.33, v4.4.46, g4.4, v4.3.14, v4.3.36, v4.3.27, v4.3.60, v4.3.21, v4.3.39, v4.3.59]
21 [v3.2.55, v3.2.0, v3.2.60, v3.2.56, v3.2.8, g3.3, v2.2.53, v2.2.57, v2.2.10, v2.2.24, v2.2.50, g2.2, v1.1.53, v1.1.14, v1.1.15, g1.2, v0.2.36, v0.2.21, v0.2.37, v0.2.32, v0.2.63]
17 [v0.2.47, v0.2.13, v0.2.1, v0.2.58, g1.3, v1.3.2, v1.3.3, v1.3.12, g2.4, v1.4.0, g2.5, v2.5.43, v2.5.8]
18 [v6.3.52, v6.3.16, v6.3.45, v6.3.36, v6.3.24, g6.4, v5.3.12, v5.3.50, v5.3.62, v5.3.9, v5.3.54, v5.3.40, v5.3.61, v5.3.57, g5.3, v4.3.6, v4.3.37, v4.3.14, g4.4, v3.4.25, v3.4.48, g3.4, v2.4.31, v2.4.22, v2.4.37, v2.4.9, g2.4, v1.3.12, v1.3.3, v1.3.2, v1.3.35]
33 [v0.4.47, v0.4.39, g0.4, v0.3.46, v0.3.51, g0.3, v0.2.44, v0.2.56, v0.2.50, v0.2.6, g1.2, v1.1.15, v1.1.14, v1.1.53, g2.2, v2.1.28, v2.1.27, g3.1, v3.1.33, v3.1.62, v3.1.30, v3.1.39, g4.1, v4.0.50, v4.0.19, v4.0.58, v4.0.42, v4.0.34, v4.0.45, v4.0.37, v4.0.24]
14 [v6.7.1, v6.7.47, v6.7.33, v6.7.51, v6.7.59, v6.7.9, v6.7.29, g6.7, v5.6.21, v5.6.43, v5.6.9, v5.6.61, v5.6.29, v5.6.8, g5.6, v4.6.50, v4.6.10, v4.6.33, v4.6.1, v4.6.2]
24 [v7.5.59, v7.5.37, v7.5.12, v7.5.42, g7.5, v6.4.35, v6.4.62, g6.4, v5.3.12, v5.3.50, v5.3.62, v5.3.9, v5.3.41, g6.3, v6.2.32, v6.2.57, v6.2.55]
28 [v5.2.23, v5.2.34, v5.2.50, v5.2.49, g6.3, v5.3.41, v5.3.9, v5.3.54, v5.3.40, v5.3.61, v5.3.57, g5.3, v4.3.6, v4.3.37, v4.3.14, g4.4, v3.4.25, v3.4.48, g3.4, v2.4.31, v2.4.22, v2.4.29, v2.4.59, g2.5, v1.5.58, v1.5.54, v1.5.27, g2.6, v2.6.30, v2.6.39, v2.6.29, v2.6.53, g2.7, v1.7.9, v1.7.18, v1.7.62, v1.7.61, v1.7.39, v1.7.28, v1.7.50, g1.7, v0.7.36, v0.7.26, v0.7.47, v0.7.29, v0.7.50]
32 [v2.0.59, v2.0.7, v2.0.28, v2.0.50, v2.0.26, v2.0.35, g3.1, v2.1.27, v2.1.49, v2.1.11, v2.1.23, v2.1.26, g3.2, v3.2.11, g4.3, v3.3.56, v3.3.38, v3.3.37, v3.3.3, g4.4, v4.4.46, g5.5, v4.5.37, v4.5.54, v4.5.2, v4.5.48, g5.6, v4.6.50, v4.6.23, v4.6.41, v4.6.27, v4.6.12, v4.6.60, v4.6.59, v4.6.35]
7 [v1.7.6, v1.7.36, v1.7.33, v1.7.41, v1.7.25, g2.7, v2.6.53, v2.6.51, v2.6.46, g3.7, v3.7.22, v3.7.54, v3.7.2, v3.7.58, g4.7, v4.7.23, v4.7.22, v4.7.36]
12 [v7.6.15, v7.6.55, v7.6.28, g7.6, v6.6.46, v6.6.36, v6.6.52, v6.6.7, g6.7, v5.7.16]
18 [v2.7.59, v2.7.44, v2.7.49, v2.7.57, v2.7.12, v2.7.50, v2.7.4, v2.7.26, v2.7.18, g2.7, v2.6.53, v2.6.51, v2.6.46, g3.7, v3.6.50, v3.6.41, v3.6.40, g4.6, v4.6.45, v4.6.3, v4.6.10, v4.6.50, g5.6, v5.5.36, v5.5.34, g6.5, v5.4.59]
17 [v3.4.40, v3.4.7, v3.4.41, v3.4.15, v3.4.25, v3.4.48, g3.4, v2.3.27, v2.3.25, v2.3.16, g2.3, v1.2.25, v1.2.12, v1.2.1, v1.2.56]
30 [v6.7.0, v6.7.51, v6.7.59, v6.7.9, v6.7.29, g6.7, v5.6.21, v5.6.43, g6.6, v5.5.6, v5.5.48, v5.5.14, v5.5.5, g5.5, v4.4.46, g4.4, v3.3.4, v3.3.6, v3.3.27, v3.3.29, g3.3, v2.2.53, v2.2.57, v2.2.10, v2.2.24, v2.2.58, v2.2.28]
27 [v1.6.21, v1.6.13, v1.6.19, g2.6, v1.5.27, v1.5.54, v1.5.58, g2.5, v2.4.59, v2.4.29, v2.4.22, v2.4.31, g3.4, v3.4.48, v3.4.25, g4.4, v4.3.14, v4.3.37, v4.3.6, g5.3, v5.3.57, v5.3.61, v5.3.40, v5.3.54, v5.3.9, v5.3.41, g6.3, v5.2.49, v5.2.21, v5.2.13, v5.2.29, v5.2.63, g5.2, v5.1.8, v5.1.16, v5.1.54, v5.1.62, v5.1.41, v5.1.38, g6.1, v6.1.57, v6.1.54, v6.1.34, v6.1.28, v6.1.37, v6.1.61]
22 [v4.5.47, v4.5.16, v4.5.32, v4.5.37, g5.5, v4.4.46, g4.4, v3.3.3, v3.3.37, v3.3.38, v3.3.56, g4.3, v3.2.10, g4.2, v3.1.11, v3.1.38, v3.1.48, v3.1.31]
28 [v7.0.59, v7.0.17, v7.0.61, g7.1, v6.1.29, g6.1, v5.1.34, v5.1.36, v5.1.44, v5.1.16, v5.1.8, g5.2, v5.2.63, v5.2.15, v5.2.61, v5.2.21, v5.2.49, g6.3, v5.3.41, v5.3.9, v5.3.62, v5.3.50, v5.3.12, g6.4, v6.4.62, v6.4.13, v6.4.57, v6.4.63, v6.4.6, v6.4.49, v6.4.16, g6.5, v6.5.9, v6.5.15, v6.5.46, g7.6, v6.6.46, v6.6.17, v6.6.55, v6.6.34, v6.6.60, v6.6.28, v6.6.50]
24 [v4.2.61, v4.2.46, v4.2.37, v4.2.50, v4.2.41, g4.2, v3.2.55, v3.2.0, v3.2.60, v3.2.56, v3.2.8, g3.3, v2.2.53, v2.2.57, v2.2.10, v2.2.24, v2.2.50, g2.2, v1.1.37, v1.1.1, v1.1.3, v1.1.57, v1.1.4, g1.1, v0.0.55, v0.0.12, v0.0.17]
25 [v0.6.27, v0.6.6, v0.6.41, v0.6.46, g0.7, v0.7.32, v0.7.54, v0.7.61, v0.7.36, g1.7, v1.7.50, v1.7.28, v1.7.39, v1.7.61, v1.7.62, v1.7.18, v1.7.9, g2.7, v2.6.53, v2.6.29, v2.6.39, v2.6.30, g2.6, v1.5.27, v1.5.54, v1.5.58, g2.5, v1.4.0, g2.4, v1.3.12, v1.3.3, v1.3.2, g1.3, v0.2.52, v0.2.21, v0.2.5, g0.2, v0.1.63, v0.1.42]
24 [v1.7.22, v1.7.11, v1.7.25, g2.7, v2.6.53, v2.6.29, v2.6.39, v2.6.30, g2.6, v1.5.27, v1.5.54, v1.5.58, g2.5, v1.4.0, g2.4, v1.3.12, v1.3.3, v1.3.2, g1.3, v0.2.52, v0.2.21, v0.2.36, g1.2, v1.1.15, v1.1.48, v1.1.57]
27 [v7.1.51, v7.1.55, v7.1.57, v7.1.20, v7.1.10, v7.1.42, v7.1.40, v7.1.12, v7.1.43, v7.1.47, v7.1.25, v7.1.61, g7.2, v6.2.15, v6.2.40, v6.2.29, v6.2.17, v6.2.32, g6.3, v5.3.41, v5.3.9, v5.3.54, v5.3.40, v5.3.61, v5.3.57, g5.3, v4.3.6, v4.3.37, v4.3.14, g4.4, v3.4.25, v3.4.30, v3.4.11, g3.5, v2.5.35, v2.5.23, v2.5.8, v2.5.43, v2.5.1, v2.5.16]
16 [v7.7.30, v7.7.60, v7.7.56, v7.7.21, v7.7.23, v7.7.16, g7.7, v6.6.2, v6.6.34, v6.6.60, v6.6.28, v6.6.62, v6.6.24, v6.6.45, v6.6.7, g6.7, v5.6.21, v5.6.43, v5.6.9, v5.6.61, v5.6.29, v5.6.8, g5.6, v4.6.9]
23 [v6.6.59, v6.6.49, v6.6.20, v6.6.48, v6.6.53, v6.6.45, v6.6.7, g6.7, v5.6.21, v5.6.44, v5.6.15, v5.6.62, v5.6.53, v5.6.23, v5.6.49, g5.7, v4.6.29, g4.6, v3.6.40, v3.6.41, v3.6.50, g3.7, v2.6.46, v2.6.51, v2.6.53, g2.7, v1.7.9, v1.7.18, v1.7.62, v1.7.61, v1.7.39, v1.7.28, v1.7.50, g1.7, v0.7.36, v0.7.61, v0.7.54, v0.7.32, g0.7, v0.6.46, v0.6.22, v0.6.47, v0.6.62, v0.6.50, v0.6.48, v0.6.57, v0.6.32, v0.6.9]
21 [v3.4.3, v3.4.23, v3.4.8, v3.4.48, g3.4, v2.4.31, v2.4.22, v2.4.29, v2.4.59, g2.5, v1.5.30, v1.5.17, v1.5.29, g1.5, v0.4.33, v0.4.1]
17 [v4.4.61, v4.4.12, g5.4, v5.3.54, v5.3.9, v5.3.41, g6.3, v6.2.32, v6.2.17, v6.2.29, v6.2.40, v6.2.15, g7.2, v7.2.57]
16 [v5.0.20, v5.0.58, v5.0.39, v5.0.1, v5.0.61, g6.1, v5.1.34, v5.1.36, v5.1.44, v5.1.16, v5.1.8, g5.2, v4.2.14, v4.2.47, v4.2.5, v4.2.11, v4.2.32, v4.2.48, v4.2.57]
23 [v2.2.37, v2.2.27, v2.2.46, v2.2.53, g3.3, v3.3.29, v3.3.27, v3.3.6, v3.3.4, g4.4, v4.3.14, v4.3.37, v4.3.6, g5.3, v5.3.57, v5.3.61, v5.3.40, v5.3.54, v5.3.9, v5.3.62, v5.3.50, v5.3.12, g6.4, v6.3.24, v6.3.36, v6.3.43, g7.4, v7.4.3, v7.4.57, v7.4.5, v7.4.13]
15 [v3.1.61, v3.1.40, v3.1.63, v3.1.59, v3.1.46, v3.1.3, v3.1.30, v3.1.62, v3.1.33, g3.1, v2.0.10, v2.0.48]
32 [v6.1.4, v6.1.25, g6.1, v5.1.34, v5.1.36, v5.1.56, v5.1.59, g5.1, v4.0.10, v4.0.36, v4.0.42, v4.0.58, v4.0.19, v4.0.50, g4.1, v3.1.39, v3.1.49, v3.1.56, v3.1.19, v3.1.33, g3.1, v2.0.35, v2.0.26, v2.0.50, v2.0.14, v2.0.57, v2.0.61, v2.0.49, v2.0.18, g2.0, v1.0.8, v1.0.15, g1.0, v0.0.59]
11 [v5.6.49, g5.7, v4.6.29, g4.6, v3.6.40, v3.6.39, v3.6.18, v3.6.60, v3.6.20, v3.6.48]
21 [v0.2.50, v0.2.6, g1.2, v1.1.15, v1.1.14, v1.1.53, g2.2, v2.2.50, v2.2.24, v2.2.10, v2.2.57, v2.2.53, g3.3, v3.3.29, v3.3.27, v3.3.6, v3.3.4, g4.4, v3.4.25, v3.4.30, v3.4.47, v3.4.36]
20 [v2.4.19, g3.4, v3.4.48, v3.4.25, g4.4, v4.4.46, g5.5, v5.5.20, v5.5.8, v5.5.35, v5.5.14, v5.5.30, v5.5.34, g6.5, v6.5.9, v6.5.15, v6.5.61, v6.5.12, v6.5.53, v6.5.39, g7.5, v7.5.42, g8.5, v7.4.24]
29 [v0.0.49, v0.0.9, v0.0.63, v0.0.31, v0.0.10, g1.1, v1.1.51, v1.1.20, v1.1.61, v1.1.6, v1.1.9, v1.1.48, v1.1.15, g1.2, v0.2.6, v0.2.52, g1.3, v1.3.2, v1.3.3, v1.3.12, g2.4, v1.4.0, g2.5, v1.5.58, v1.5.54, v1.5.27, g2.6, v2.6.30, v2.6.39, v2.6.29, v2.6.53, g2.7, v1.7.9, v1.7.18, v1.7.62, v1.7.1, v1.7.44, v1.7.8, v1.7.16, g1.8, v0.7.18]
26 [v6.2.45, v6.2.0, v6.2.5, v6.2.49, v6.2.29, v6.2.17, v6.2.32, g6.3, v5.3.41, v5.3.9, v5.3.62, v5.3.50, v5.3.12, g6.4, v6.4.62, v6.4.13, v6.4.57, v6.4.63, v6.4.6, v6.4.49, v6.4.16, g6.5, v5.4.19, v5.4.61, v5.4.29, v5.4.15, v5.4.38, v5.4.44]
17 [v5.5.3, v5.5.20, v5.5.8, v5.5.35, v5.5.18, v5.5.56, v5.5.40, v5.5.45, g6.6, v5.6.43, v5.6.21, g6.7, v6.7.29, v6.7.23, v6.7.37, v6.7.16, v6.7.30]
13 [v2.4.41, v2.4.48, v2.4.35, v2.4.31, g3.4, v3.4.48, v3.4.25, g4.4, v4.4.46, v4.4.5, v4.4.45, v4.4.19]
21 [v1.6.3, v1.6.52, v1.6.54, v1.6.19, g2.6, v2.6.30, v2.6.39, g3.7, v3.6.50, v3.6.41, v3.6.40, g4.6, v4.6.45, v4.6.3, v4.6.10, v4.6.50, g5.6, v5.5.36, v5.5.34, g6.5, v6.5.9, v6.5.15, v6.5.46, g7.6, v7.5.58, v7.5.38, v7.5.19, v7.5.25, v7.5.3, v7.5.21, v7.5.63, v7.5.45, v7.5.39]
27 [v4.1.39, v4.1.23, v4.1.62, g5.2, v5.2.63, v5.2.29, v5.2.13, v5.2.21, v5.2.49, g6.3, v5.3.41, v5.3.9, v5.3.54, v5.3.40, v5.3.61, v5.3.57, g5.3, v4.3.6, v4.3.37, v4.3.14, g4.4, v3.4.25, v3.4.48, g3.4, v2.4.31, v2.4.22, v2.4.29, v2.4.59, g2.5, v1.5.58, v1.5.54, v1.5.27, g2.6, v2.6.30, v2.6.39, v2.6.29, v2.6.53, g2.7, v2.7.39, v2.7.49, v2.7.57, v2.7.12, v2.7.50, v2.7.4, v2.7.60]
37 [v2.0.53, v2.0.41, v2.0.5, v2.0.38, v2.0.40, v2.0.35, g3.1, v2.1.27, v2.1.49, v2.1.11, v2.1.23, v2.1.26, g3.2, v3.2.11, g4.3, v3.3.56, v3.3.38, v3.3.37, v3.3.3, g4.4, v4.4.46, g5.5, v5.5.20, v5.5.8, v5.5.35, v5.5.18, v5.5.56, v5.5.40, v5.5.45, g6.6, v5.6.43, v5.6.21, g6.7, v5.7.16, v5.7.7, v5.7.61, v5.7.36, v5.7.33, v5.7.44, v5.7.29, v5.7.46, v5.7.47, v5.7.45]
36 [v1.0.3, v1.0.6, v1.0.48, v1.0.32, v1.0.29, v1.0.18, g1.1, v1.1.51, v1.1.20, v1.1.61, v1.1.6, v1.1.9, v1.1.48, v1.1.15, g1.2, v0.2.6, v0.2.52, g1.3, v1.3.2, v1.3.3, v1.3.12, g2.4, v2.4.33, v2.4.52, g3.5, v3.5.62, v3.5.3, v3.5.23, g4.6, v4.6.45, v4.6.16, v4.6.31]
37 [v7.0.44, v7.0.46, v7.0.20, v7.0.26, g8.1, v7.1.14, v7.1.11, v7.1.61, g7.2, v6.2.15, v6.2.40, v6.2.29, v6.2.17, v6.2.32, g6.3, v5.3.41, v5.3.9, v5.3.62, v5.3.50, v5.3.12, g6.4, v6.4.62, v6.4.13, v6.4.57, v6.4.63, v6.4.6, v6.4.49, v6.4.16, g6.5, v6.5.9, v6.5.15, v6.5.46, g7.6, v7.6.28, v7.6.31, v7.6.50, v7.6.48, v7.6.57, v7.6.30, v7.6.61]
19 [v4.3.19, v4.3.26, v4.3.58, v4.3.48, v4.3.37, v4.3.14, g4.4, v3.4.25, v3.4.48, g3.4, v2.3.27, v2.3.25, v2.3.16, g2.3, v1.2.25, v1.2.12, v1.2.1, v1.2.26]
9 [v1.3.61, v1.3.33, g1.3, v1.3.2, v1.3.3, v1.3.12, g2.4, v1.4.52, v1.4.62, v1.4.4, v1.4.58]
21 [v7.2.23, v7.2.19, v7.2.11, v7.2.57, g7.2, v6.2.15, v6.2.40, v6.2.29, v6.2.17, v6.2.32, g6.3, v5.3.41, v5.3.9, v5.3.54, v5.3.40, v5.3.61, v5.3.57, g5.3, v4.3.6, v4.3.37, v4.3.14, g4.4, v3.4.25, v3.4.30, v3.4.50]
14 [v7.2.55, v7.2.43, g7.2, v6.1.20, v6.1.28, v6.1.34, v6.1.49, g7.1, v6.0.42, v6.0.40, v6.0.29]
17 [v1.0.8, g2.1, v1.1.58, v1.1.30, v1.1.45, g2.2, v2.2.50, v2.2.51]
34 [v0.0.50, v0.0.58, v0.0.19, v0.0.14, v0.0.55, g1.1, v1.1.51, v1.1.20, v1.1.61, v1.1.6, v1.1.9, v1.1.48, v1.1.15, g1.2, v0.2.6, v0.2.52, g1.3, v1.3.2, v1.3.3, v1.3.12, g2.4, v2.4.33, v2.4.52, g3.5, v3.5.62, v3.5.3, v3.5.23, g4.6, v4.6.29, g5.7, v4.7.52, v4.7.56, v4.7.61, v4.7.47]
23 [v6.7.23, v6.7.29, g6.7, v5.6.21, v5.6.44, v5.6.15, v5.6.62, v5.6.53, v5.6.23, v5.6.49, g5.7, v4.6.29, g4.6, v3.6.40, v3.6.41, v3.6.50, g3.7, v2.6.46, v2.6.51, v2.6.53, g2.7, v1.7.9, v1.7.18, v1.7.62, v1.7.61, v1.7.39, v1.7.28, v1.7.50, g1.7, v0.7.36, v0.7.61, v0.7.54, v0.7.32, g0.7, v0.6.30, v0.6.10, v0.6.51]
18 [v3.6.26, v3.6.56, v3.6.39, v3.6.40, g4.6, v4.6.45, v4.6.3, v4.6.10, v4.6.50, g5.6, v5.5.36, v5.5.34, g6.5, v5.4.19, v5.4.61, v5.4.29, v5.4.15, v5.4.38, v5.4.23, v5.4.12]
29 [v1.4.57, v1.4.34, v1.4.0, g2.5, v1.5.58, v1.5.54, v1.5.27, g2.6, v2.6.30, v2.6.39, g3.7, v3.6.50, v3.6.41, v3.6.40, g4.6, v4.6.45, v4.6.3, v4.6.10, v4.6.50, g5.6, v5.5.36, v5.5.34, g6.5, v6.5.9, v6.5.15, v6.5.61, v6.5.12, v6.5.53, v6.5.39, g7.5, v7.5.42, v7.5.12, v7.5.37, v7.5.59]
14 [v7.7.22, v7.7.21, v7.7.23, v7.7.16, g7.7, v6.6.2, v6.6.34, v6.6.60, v6.6.28, v6.6.62, v6.6.24, v6.6.45, v6.6.7, g6.7, v5.6.21, v5.6.43, g6.6, v5.5.45, v5.5.12]
21 [v1.6.4, v1.6.17, v1.6.19, g2.6, v1.5.27, v1.5.54, v1.5.58, g2.5, v1.4.0, g2.4, v2.3.30, v2.3.20, v2.3.13, v2.3.4, v2.3.6]
17 [v3.3.60, v3.3.38, v3.3.37, v3.3.3, g4.4, v3.4.25, v3.4.48, g3.4, v2.4.31, v2.4.22, v2.4.29, v2.4.59, g2.5, v1.5.58, v1.5.54, v1.5.27, g2.6, v1.6.19, v1.6.54, v1.6.52, v1.6.3, v1.6.16]
17 [v3.0.45, v3.0.19, v3.0.34, v3.0.6, v3.0.35, v3.0.27, v3.0.39, g4.0, v4.0.10, g5.1, v4.1.26, v4.1.22]
19 [v3.3.28, v3.3.2, v3.3.62, v3.3.13, v3.3.22, v3.3.6, v3.3.4, g4.4, v3.4.25, v3.4.48, g3.4, v2.4.31, v2.4.22, v2.4.29, v2.4.59, g2.5, v1.5.30, v1.5.17, v1.5.29, g1.5, v1.5.56]
